<?xml version="1.0" encoding="UTF-8"?>
<testsuite xmlns:xsi="http://www.w3.org/2001/XMLSchema-instance" xsi:noNamespaceSchemaLocation="https://maven.apache.org/surefire/maven-surefire-plugin/xsd/surefire-test-report-3.0.xsd" version="3.0" name="com.healthcentre.StaffServiceTest" time="0.093" tests="12" errors="0" skipped="0" failures="0">
  <properties>
[...]
</properties>
  <testcase name="testAddDoctor_success" classname="com.healthcentre.StaffServiceTest" time="0.032"/>
  <testcase name="testAddDoctor_duplicateId_throwsException" classname="com.healthcentre.StaffServiceTest" time="0.006"/>
  <testcase name="testAddDoctor_invalidConsultations_throwsException" classname="com.healthcentre.StaffServiceTest" time="0.004"/>
  <testcase name="testAddDoctor_missingName_throwsException" classname="com.healthcentre.StaffServiceTest" time="0.002"/>
  <testcase name="testAddReceptionist_success" classname="com.healthcentre.StaffServiceTest" time="0.001"/>
  <testcase name="testAddReceptionist_invalidHours_throwsException" classname="com.healthcentre.StaffServiceTest" time="0.0"/>
  <testcase name="testGetById_success" classname="com.healthcentre.StaffServiceTest" time="0.001"/>
  <testcase name="testGetById_notFound_throwsException" classname="com.healthcentre.StaffServiceTest" time="0.001"/>
  <testcase name="testRemoveStaff_success" classname="com.healthcentre.StaffServiceTest" time="0.001"/>
  <testcase name="testRemoveStaff_notFound_throwsException" classname="com.healthcentre.StaffServiceTest" time="0.001"/>
  <testcase name="testGetStaffSortedByName" classname="com.healthcentre.StaffServiceTest" time="0.003"/>
  <testcase name="testGetStatistics" classname="com.healthcentre.StaffServiceTest" time="0.007"/>
</testsuite>